<?xml version="1.0" encoding="UTF-8"?>
<!-- Generated by org.testng.reporters.JUnitReportReporter -->
<testsuite hostname="LAPTOP-87BNJJI2" failures="0" tests="1" name="testCases.RunTest2Day2" time="10.287" errors="0" timestamp="2022-08-22T19:05:52 IST" skipped="0">
  <testcase classname="testCases.RunTest2Day2" name="xperia" time="10.287"/>
  <system-out/>
</testsuite> <!-- testCases.RunTest2Day2 -->
