<?xml version="1.0" encoding="UTF-8"?>
<!-- Generated by org.testng.reporters.JUnitReportReporter -->
<testsuite hostname="LAPTOP-87BNJJI2" failures="0" tests="1" name="testCases.RunTest5Day5" time="2.084" errors="0" timestamp="2022-08-22T20:23:27 IST" skipped="0">
  <testcase classname="testCases.RunTest5Day5" name="Step1" time="2.084"/>
  <system-out/>
</testsuite> <!-- testCases.RunTest5Day5 -->
