<?xml version="1.0" encoding="UTF-8"?>
<!-- Generated by org.testng.reporters.JUnitReportReporter -->
<testsuite hostname="LAPTOP-87BNJJI2" failures="0" tests="1" name="testCases.RunTest1Day1" time="3.846" errors="0" timestamp="2022-08-22T19:05:52 IST" skipped="0">
  <testcase classname="testCases.RunTest1Day1" name="Step1" time="3.846"/>
  <system-out/>
</testsuite> <!-- testCases.RunTest1Day1 -->
